<?xml version="1.0" encoding="UTF-8"?>
<!-- Generated by org.testng.reporters.JUnitReportReporter -->
<testsuite skipped="0" hostname="LAPTOP-K2B2454M" name="TestNg.AutomateWebApp" tests="3" failures="0" timestamp="2022-10-08T15:30:43 IST" time="121.892" errors="0">
  <testcase name="register" time="24.230" classname="TestNg.AutomateWebApp"/>
  <system-out/>
  <testcase name="login" time="33.757" classname="TestNg.AutomateWebApp"/>
  <system-out/>
  <testcase name="search" time="63.905" classname="TestNg.AutomateWebApp"/>
  <system-out/>
</testsuite> <!-- TestNg.AutomateWebApp -->
